{"/Users/sila/Documents/Project/next-dev-team/Kitten/assetsTransformer.js": {"path":"/Users/sila/Documents/Project/next-dev-team/Kitten/assetsTransformer.js","statementMap":{"0":{"start":{"line":1,"column":13},"end":{"line":1,"column":28}},"1":{"start":{"line":3,"column":0},"end":{"line":7,"column":2}},"2":{"start":{"line":5,"column":4},"end":{"line":5,"column":79}}},"fnMap":{"0":{"name":"(anonymous_0)","decl":{"start":{"line":4,"column":2},"end":{"line":4,"column":3}},"loc":{"start":{"line":4,"column":23},"end":{"line":6,"column":3}},"line":4}},"branchMap":{},"s":{"0":3,"1":3,"2":0},"f":{"0":0},"b":{},"_coverageSchema":"1a1c01bbd47fc00a2c39e90264f33305004495a9","hash":"d9a556b44dc5f540688652c95568b56246ee7593"}
,"/Users/sila/Documents/Project/next-dev-team/Kitten/src/components/index.ts": {"path":"/Users/sila/Documents/Project/next-dev-team/Kitten/src/components/index.ts","statementMap":{},"fnMap":{},"branchMap":{},"s":{},"f":{},"b":{},"_coverageSchema":"1a1c01bbd47fc00a2c39e90264f33305004495a9","hash":"ebed6ca04876c8ca2a552d4692f0ad2ca0d207d9"}
,"/Users/sila/Documents/Project/next-dev-team/Kitten/src/components/Box/index.tsx": {"path":"/Users/sila/Documents/Project/next-dev-team/Kitten/src/components/Box/index.tsx","statementMap":{"0":{"start":{"line":4,"column":12},"end":{"line":4,"column":33}}},"fnMap":{},"branchMap":{},"s":{"0":5},"f":{},"b":{},"_coverageSchema":"1a1c01bbd47fc00a2c39e90264f33305004495a9","hash":"e1752ee0ae79e7912dc8f13bff44b6901ef099be"}
,"/Users/sila/Documents/Project/next-dev-team/Kitten/src/components/Button/index.tsx": {"path":"/Users/sila/Documents/Project/next-dev-team/Kitten/src/components/Button/index.tsx","statementMap":{"0":{"start":{"line":12,"column":15},"end":{"line":26,"column":1}},"1":{"start":{"line":13,"column":2},"end":{"line":25,"column":4}}},"fnMap":{"0":{"name":"(anonymous_0)","decl":{"start":{"line":12,"column":15},"end":{"line":12,"column":16}},"loc":{"start":{"line":12,"column":83},"end":{"line":26,"column":1}},"line":12}},"branchMap":{"0":{"loc":{"start":{"line":16,"column":9},"end":{"line":22,"column":9}},"type":"cond-expr","locations":[{"start":{"line":17,"column":10},"end":{"line":19,"column":20}},{"start":{"line":21,"column":10},"end":{"line":21,"column":18}}],"line":16}},"s":{"0":5,"1":1},"f":{"0":1},"b":{"0":[0,1]},"_coverageSchema":"1a1c01bbd47fc00a2c39e90264f33305004495a9","hash":"d742e256b9da927d4ba3ea09097f32c1f5d61fd4"}
,"/Users/sila/Documents/Project/next-dev-team/Kitten/src/components/Card/index.tsx": {"path":"/Users/sila/Documents/Project/next-dev-team/Kitten/src/components/Card/index.tsx","statementMap":{"0":{"start":{"line":5,"column":13},"end":{"line":8,"column":56}}},"fnMap":{},"branchMap":{},"s":{"0":5},"f":{},"b":{},"_coverageSchema":"1a1c01bbd47fc00a2c39e90264f33305004495a9","hash":"f434ef758e4491299f6d1e186dd34d0486e05665"}
,"/Users/sila/Documents/Project/next-dev-team/Kitten/src/components/FeedBack/Spining.tsx": {"path":"/Users/sila/Documents/Project/next-dev-team/Kitten/src/components/FeedBack/Spining.tsx","statementMap":{"0":{"start":{"line":7,"column":17},"end":{"line":31,"column":1}},"1":{"start":{"line":8,"column":21},"end":{"line":8,"column":34}},"2":{"start":{"line":9,"column":2},"end":{"line":30,"column":4}}},"fnMap":{"0":{"name":"(anonymous_0)","decl":{"start":{"line":7,"column":17},"end":{"line":7,"column":18}},"loc":{"start":{"line":7,"column":56},"end":{"line":31,"column":1}},"line":7}},"branchMap":{},"s":{"0":5,"1":0,"2":0},"f":{"0":0},"b":{},"_coverageSchema":"1a1c01bbd47fc00a2c39e90264f33305004495a9","hash":"0ce9513cee2770955f3b9e85dcb3d600e558e118"}
,"/Users/sila/Documents/Project/next-dev-team/Kitten/src/components/List/GridView.tsx": {"path":"/Users/sila/Documents/Project/next-dev-team/Kitten/src/components/List/GridView.tsx","statementMap":{"0":{"start":{"line":27,"column":6},"end":{"line":27,"column":11}},"1":{"start":{"line":29,"column":20},"end":{"line":29,"column":119}},"2":{"start":{"line":31,"column":46},"end":{"line":42,"column":3}},"3":{"start":{"line":32,"column":4},"end":{"line":41,"column":6}},"4":{"start":{"line":44,"column":2},"end":{"line":64,"column":4}},"5":{"start":{"line":57,"column":38},"end":{"line":57,"column":80}}},"fnMap":{"0":{"name":"GridView","decl":{"start":{"line":18,"column":9},"end":{"line":18,"column":17}},"loc":{"start":{"line":18,"column":47},"end":{"line":65,"column":1}},"line":18},"1":{"name":"(anonymous_1)","decl":{"start":{"line":31,"column":46},"end":{"line":31,"column":47}},"loc":{"start":{"line":31,"column":79},"end":{"line":42,"column":3}},"line":31},"2":{"name":"(anonymous_2)","decl":{"start":{"line":57,"column":32},"end":{"line":57,"column":33}},"loc":{"start":{"line":57,"column":38},"end":{"line":57,"column":80}},"line":57}},"branchMap":{"0":{"loc":{"start":{"line":21,"column":4},"end":{"line":21,"column":20}},"type":"default-arg","locations":[{"start":{"line":21,"column":19},"end":{"line":21,"column":20}}],"line":21},"1":{"loc":{"start":{"line":22,"column":4},"end":{"line":22,"column":18}},"type":"default-arg","locations":[{"start":{"line":22,"column":17},"end":{"line":22,"column":18}}],"line":22},"2":{"loc":{"start":{"line":25,"column":4},"end":{"line":25,"column":33}},"type":"default-arg","locations":[{"start":{"line":25,"column":21},"end":{"line":25,"column":33}}],"line":25}},"s":{"0":1,"1":1,"2":1,"3":1,"4":1,"5":0},"f":{"0":1,"1":1,"2":0},"b":{"0":[1],"1":[1],"2":[1]},"_coverageSchema":"1a1c01bbd47fc00a2c39e90264f33305004495a9","hash":"c555e502260258c2ce9484909f095bcde1af073e"}
,"/Users/sila/Documents/Project/next-dev-team/Kitten/src/components/Text/index.tsx": {"path":"/Users/sila/Documents/Project/next-dev-team/Kitten/src/components/Text/index.tsx","statementMap":{"0":{"start":{"line":4,"column":13},"end":{"line":4,"column":35}}},"fnMap":{},"branchMap":{},"s":{"0":5},"f":{},"b":{},"_coverageSchema":"1a1c01bbd47fc00a2c39e90264f33305004495a9","hash":"93842a61032fc07ebd841f5cf8b4ca97781aa2f4"}
,"/Users/sila/Documents/Project/next-dev-team/Kitten/src/constants/http.ts": {"path":"/Users/sila/Documents/Project/next-dev-team/Kitten/src/constants/http.ts","statementMap":{"0":{"start":{"line":1,"column":22},"end":{"line":3,"column":1}}},"fnMap":{},"branchMap":{},"s":{"0":3},"f":{},"b":{},"_coverageSchema":"1a1c01bbd47fc00a2c39e90264f33305004495a9","hash":"1e79bfe471101bcc00b31edb940243920761c60e"}
,"/Users/sila/Documents/Project/next-dev-team/Kitten/src/hooks/useTheme.tsx": {"path":"/Users/sila/Documents/Project/next-dev-team/Kitten/src/hooks/useTheme.tsx","statementMap":{"0":{"start":{"line":4,"column":27},"end":{"line":7,"column":1}},"1":{"start":{"line":5,"column":16},"end":{"line":5,"column":36}},"2":{"start":{"line":6,"column":2},"end":{"line":6,"column":22}}},"fnMap":{"0":{"name":"(anonymous_0)","decl":{"start":{"line":4,"column":27},"end":{"line":4,"column":28}},"loc":{"start":{"line":4,"column":33},"end":{"line":7,"column":1}},"line":4}},"branchMap":{},"s":{"0":5,"1":0,"2":0},"f":{"0":0},"b":{},"_coverageSchema":"1a1c01bbd47fc00a2c39e90264f33305004495a9","hash":"ae5985c60493017c77ba3b9bca20026fd13237bd"}
,"/Users/sila/Documents/Project/next-dev-team/Kitten/src/store/rootMiddleware.ts": {"path":"/Users/sila/Documents/Project/next-dev-team/Kitten/src/store/rootMiddleware.ts","statementMap":{},"fnMap":{},"branchMap":{},"s":{},"f":{},"b":{},"_coverageSchema":"1a1c01bbd47fc00a2c39e90264f33305004495a9","hash":"f81ddb5c6f86db52d44057aa66ac626ff9ae9878"}
,"/Users/sila/Documents/Project/next-dev-team/Kitten/src/store/rootReducer.ts": {"path":"/Users/sila/Documents/Project/next-dev-team/Kitten/src/store/rootReducer.ts","statementMap":{"0":{"start":{"line":10,"column":21},"end":{"line":13,"column":1}},"1":{"start":{"line":18,"column":22},"end":{"line":23,"column":1}},"2":{"start":{"line":25,"column":30},"end":{"line":29,"column":1}},"3":{"start":{"line":34,"column":20},"end":{"line":36,"column":1}}},"fnMap":{},"branchMap":{},"s":{"0":3,"1":3,"2":3,"3":3},"f":{},"b":{},"_coverageSchema":"1a1c01bbd47fc00a2c39e90264f33305004495a9","hash":"ec67d151ffa931e178e61971a4aca197e2145010"}
,"/Users/sila/Documents/Project/next-dev-team/Kitten/src/store/store.ts": {"path":"/Users/sila/Documents/Project/next-dev-team/Kitten/src/store/store.ts","statementMap":{"0":{"start":{"line":6,"column":21},"end":{"line":12,"column":2}},"1":{"start":{"line":9,"column":4},"end":{"line":11,"column":30}},"2":{"start":{"line":14,"column":25},"end":{"line":14,"column":44}}},"fnMap":{"0":{"name":"(anonymous_0)","decl":{"start":{"line":8,"column":14},"end":{"line":8,"column":15}},"loc":{"start":{"line":9,"column":4},"end":{"line":11,"column":30}},"line":9}},"branchMap":{},"s":{"0":3,"1":3,"2":3},"f":{"0":3},"b":{},"_coverageSchema":"1a1c01bbd47fc00a2c39e90264f33305004495a9","hash":"86ecc46df9e63d7e13320770e5e4b906107e9703"}
,"/Users/sila/Documents/Project/next-dev-team/Kitten/src/store/kittenSlice/index.ts": {"path":"/Users/sila/Documents/Project/next-dev-team/Kitten/src/store/kittenSlice/index.ts","statementMap":{"0":{"start":{"line":23,"column":19},"end":{"line":23,"column":65}},"1":{"start":{"line":25,"column":34},"end":{"line":30,"column":1}},"2":{"start":{"line":32,"column":21},"end":{"line":45,"column":1}},"3":{"start":{"line":35,"column":43},"end":{"line":35,"column":50}},"4":{"start":{"line":36,"column":58},"end":{"line":36,"column":98}},"5":{"start":{"line":38,"column":4},"end":{"line":43,"column":6}},"6":{"start":{"line":47,"column":27},"end":{"line":82,"column":2}},"7":{"start":{"line":52,"column":6},"end":{"line":52,"column":41}},"8":{"start":{"line":56,"column":4},"end":{"line":80,"column":9}},"9":{"start":{"line":58,"column":8},"end":{"line":58,"column":39}},"10":{"start":{"line":61,"column":30},"end":{"line":73,"column":9}},"11":{"start":{"line":62,"column":22},"end":{"line":62,"column":24}},"12":{"start":{"line":63,"column":10},"end":{"line":71,"column":11}},"13":{"start":{"line":64,"column":12},"end":{"line":70,"column":13}},"14":{"start":{"line":64,"column":25},"end":{"line":64,"column":26}},"15":{"start":{"line":65,"column":14},"end":{"line":69,"column":17}},"16":{"start":{"line":72,"column":10},"end":{"line":72,"column":21}},"17":{"start":{"line":75,"column":8},"end":{"line":75,"column":36}},"18":{"start":{"line":76,"column":8},"end":{"line":76,"column":43}},"19":{"start":{"line":79,"column":8},"end":{"line":79,"column":38}},"20":{"start":{"line":85,"column":34},"end":{"line":85,"column":53}},"21":{"start":{"line":87,"column":29},"end":{"line":87,"column":79}},"22":{"start":{"line":87,"column":51},"end":{"line":87,"column":79}},"23":{"start":{"line":88,"column":31},"end":{"line":88,"column":83}},"24":{"start":{"line":88,"column":53},"end":{"line":88,"column":83}},"25":{"start":{"line":89,"column":30},"end":{"line":89,"column":81}},"26":{"start":{"line":89,"column":52},"end":{"line":89,"column":81}},"27":{"start":{"line":90,"column":29},"end":{"line":90,"column":79}},"28":{"start":{"line":90,"column":51},"end":{"line":90,"column":79}}},"fnMap":{"0":{"name":"(anonymous_0)","decl":{"start":{"line":34,"column":2},"end":{"line":34,"column":3}},"loc":{"start":{"line":34,"column":19},"end":{"line":44,"column":3}},"line":34},"1":{"name":"(anonymous_1)","decl":{"start":{"line":51,"column":20},"end":{"line":51,"column":21}},"loc":{"start":{"line":51,"column":82},"end":{"line":53,"column":5}},"line":51},"2":{"name":"(anonymous_2)","decl":{"start":{"line":55,"column":17},"end":{"line":55,"column":18}},"loc":{"start":{"line":55,"column":28},"end":{"line":81,"column":3}},"line":55},"3":{"name":"(anonymous_3)","decl":{"start":{"line":57,"column":37},"end":{"line":57,"column":38}},"loc":{"start":{"line":57,"column":46},"end":{"line":59,"column":7}},"line":57},"4":{"name":"(anonymous_4)","decl":{"start":{"line":60,"column":39},"end":{"line":60,"column":40}},"loc":{"start":{"line":60,"column":58},"end":{"line":77,"column":7}},"line":60},"5":{"name":"(anonymous_5)","decl":{"start":{"line":61,"column":30},"end":{"line":61,"column":31}},"loc":{"start":{"line":61,"column":36},"end":{"line":73,"column":9}},"line":61},"6":{"name":"(anonymous_6)","decl":{"start":{"line":78,"column":38},"end":{"line":78,"column":39}},"loc":{"start":{"line":78,"column":47},"end":{"line":80,"column":7}},"line":78},"7":{"name":"(anonymous_7)","decl":{"start":{"line":87,"column":29},"end":{"line":87,"column":30}},"loc":{"start":{"line":87,"column":51},"end":{"line":87,"column":79}},"line":87},"8":{"name":"(anonymous_8)","decl":{"start":{"line":88,"column":31},"end":{"line":88,"column":32}},"loc":{"start":{"line":88,"column":53},"end":{"line":88,"column":83}},"line":88},"9":{"name":"(anonymous_9)","decl":{"start":{"line":89,"column":30},"end":{"line":89,"column":31}},"loc":{"start":{"line":89,"column":52},"end":{"line":89,"column":81}},"line":89},"10":{"name":"(anonymous_10)","decl":{"start":{"line":90,"column":29},"end":{"line":90,"column":30}},"loc":{"start":{"line":90,"column":51},"end":{"line":90,"column":79}},"line":90}},"branchMap":{"0":{"loc":{"start":{"line":63,"column":10},"end":{"line":71,"column":11}},"type":"if","locations":[{"start":{"line":63,"column":10},"end":{"line":71,"column":11}},{"start":{"line":63,"column":10},"end":{"line":71,"column":11}}],"line":63}},"s":{"0":3,"1":3,"2":3,"3":0,"4":0,"5":0,"6":3,"7":0,"8":3,"9":0,"10":0,"11":0,"12":0,"13":0,"14":0,"15":0,"16":0,"17":0,"18":0,"19":0,"20":3,"21":3,"22":0,"23":3,"24":0,"25":3,"26":0,"27":3,"28":0},"f":{"0":0,"1":0,"2":3,"3":0,"4":0,"5":0,"6":0,"7":0,"8":0,"9":0,"10":0},"b":{"0":[0,0]},"_coverageSchema":"1a1c01bbd47fc00a2c39e90264f33305004495a9","hash":"f6d4c1cb2209aedcd6be7bf02529b4771b52f40e"}
,"/Users/sila/Documents/Project/next-dev-team/Kitten/src/test/test-utils.tsx": {"path":"/Users/sila/Documents/Project/next-dev-team/Kitten/src/test/test-utils.tsx","statementMap":{"0":{"start":{"line":13,"column":18},"end":{"line":19,"column":3}},"1":{"start":{"line":14,"column":4},"end":{"line":18,"column":15}},"2":{"start":{"line":21,"column":2},"end":{"line":21,"column":57}},"3":{"start":{"line":28,"column":14},"end":{"line":28,"column":36}},"4":{"start":{"line":30,"column":36},"end":{"line":40,"column":3}},"5":{"start":{"line":31,"column":2},"end":{"line":40,"column":3}},"6":{"start":{"line":36,"column":10},"end":{"line":36,"column":75}}},"fnMap":{"0":{"name":"render","decl":{"start":{"line":11,"column":9},"end":{"line":11,"column":15}},"loc":{"start":{"line":11,"column":46},"end":{"line":22,"column":1}},"line":11},"1":{"name":"(anonymous_1)","decl":{"start":{"line":13,"column":18},"end":{"line":13,"column":19}},"loc":{"start":{"line":14,"column":4},"end":{"line":18,"column":15}},"line":14},"2":{"name":"(anonymous_2)","decl":{"start":{"line":30,"column":36},"end":{"line":30,"column":37}},"loc":{"start":{"line":31,"column":2},"end":{"line":40,"column":3}},"line":31},"3":{"name":"(anonymous_3)","decl":{"start":{"line":34,"column":34},"end":{"line":34,"column":35}},"loc":{"start":{"line":36,"column":10},"end":{"line":36,"column":75}},"line":36}},"branchMap":{"0":{"loc":{"start":{"line":11,"column":25},"end":{"line":11,"column":44}},"type":"default-arg","locations":[{"start":{"line":11,"column":42},"end":{"line":11,"column":44}}],"line":11},"1":{"loc":{"start":{"line":16,"column":30},"end":{"line":16,"column":60}},"type":"cond-expr","locations":[{"start":{"line":16,"column":38},"end":{"line":16,"column":47}},{"start":{"line":16,"column":50},"end":{"line":16,"column":60}}],"line":16},"2":{"loc":{"start":{"line":30,"column":37},"end":{"line":30,"column":80}},"type":"default-arg","locations":[{"start":{"line":30,"column":78},"end":{"line":30,"column":80}}],"line":30},"3":{"loc":{"start":{"line":30,"column":39},"end":{"line":30,"column":51}},"type":"default-arg","locations":[{"start":{"line":30,"column":49},"end":{"line":30,"column":51}}],"line":30},"4":{"loc":{"start":{"line":30,"column":53},"end":{"line":30,"column":73}},"type":"default-arg","locations":[{"start":{"line":30,"column":71},"end":{"line":30,"column":73}}],"line":30}},"s":{"0":6,"1":6,"2":6,"3":3,"4":3,"5":0,"6":0},"f":{"0":6,"1":6,"2":0,"3":0},"b":{"0":[6],"1":[0,6],"2":[0],"3":[0],"4":[0]},"_coverageSchema":"1a1c01bbd47fc00a2c39e90264f33305004495a9","hash":"89da9433e6686a43cf0804f96cd7fb6df800e111"}
,"/Users/sila/Documents/Project/next-dev-team/Kitten/src/test/mocks/handlers.ts": {"path":"/Users/sila/Documents/Project/next-dev-team/Kitten/src/test/mocks/handlers.ts","statementMap":{"0":{"start":{"line":3,"column":24},"end":{"line":18,"column":1}},"1":{"start":{"line":5,"column":4},"end":{"line":16,"column":6}}},"fnMap":{"0":{"name":"(anonymous_0)","decl":{"start":{"line":4,"column":81},"end":{"line":4,"column":82}},"loc":{"start":{"line":4,"column":100},"end":{"line":17,"column":3}},"line":4}},"branchMap":{},"s":{"0":7,"1":0},"f":{"0":0},"b":{},"_coverageSchema":"1a1c01bbd47fc00a2c39e90264f33305004495a9","hash":"b4f7604616bd0719e6688550a042c7d659ab041d"}
,"/Users/sila/Documents/Project/next-dev-team/Kitten/src/test/mocks/server.ts": {"path":"/Users/sila/Documents/Project/next-dev-team/Kitten/src/test/mocks/server.ts","statementMap":{"0":{"start":{"line":4,"column":22},"end":{"line":4,"column":46}}},"fnMap":{},"branchMap":{},"s":{"0":7},"f":{},"b":{},"_coverageSchema":"1a1c01bbd47fc00a2c39e90264f33305004495a9","hash":"8d7faf9b1565e912a917129c7461596bafedde78"}
,"/Users/sila/Documents/Project/next-dev-team/Kitten/src/themes/index.tsx": {"path":"/Users/sila/Documents/Project/next-dev-team/Kitten/src/themes/index.tsx","statementMap":{"0":{"start":{"line":7,"column":26},"end":{"line":7,"column":27}},"1":{"start":{"line":8,"column":21},"end":{"line":8,"column":22}},"2":{"start":{"line":9,"column":25},"end":{"line":9,"column":27}},"3":{"start":{"line":10,"column":20},"end":{"line":10,"column":22}},"4":{"start":{"line":11,"column":21},"end":{"line":11,"column":23}},"5":{"start":{"line":12,"column":26},"end":{"line":12,"column":28}},"6":{"start":{"line":14,"column":27},"end":{"line":26,"column":1}},"7":{"start":{"line":28,"column":27},"end":{"line":46,"column":1}},"8":{"start":{"line":48,"column":19},"end":{"line":99,"column":2}},"9":{"start":{"line":103,"column":28},"end":{"line":109,"column":1}}},"fnMap":{},"branchMap":{},"s":{"0":5,"1":5,"2":5,"3":5,"4":5,"5":5,"6":5,"7":5,"8":5,"9":5},"f":{},"b":{},"_coverageSchema":"1a1c01bbd47fc00a2c39e90264f33305004495a9","hash":"ae3dd273dcf2d67bb762d5d9e77efeee19fad847"}
,"/Users/sila/Documents/Project/next-dev-team/Kitten/src/utils/dimension.ts": {"path":"/Users/sila/Documents/Project/next-dev-team/Kitten/src/utils/dimension.ts","statementMap":{"0":{"start":{"line":4,"column":28},"end":{"line":4,"column":58}},"1":{"start":{"line":5,"column":29},"end":{"line":5,"column":60}},"2":{"start":{"line":7,"column":29},"end":{"line":7,"column":85}},"3":{"start":{"line":7,"column":70},"end":{"line":7,"column":85}},"4":{"start":{"line":9,"column":32},"end":{"line":17,"column":78}},"5":{"start":{"line":17,"column":6},"end":{"line":17,"column":78}},"6":{"start":{"line":19,"column":38},"end":{"line":27,"column":52}},"7":{"start":{"line":27,"column":7},"end":{"line":27,"column":51}},"8":{"start":{"line":29,"column":23},"end":{"line":31,"column":1}},"9":{"start":{"line":30,"column":2},"end":{"line":30,"column":44}},"10":{"start":{"line":34,"column":16},"end":{"line":34,"column":40}},"11":{"start":{"line":35,"column":2},"end":{"line":49,"column":4}},"12":{"start":{"line":53,"column":2},"end":{"line":55,"column":3}},"13":{"start":{"line":54,"column":4},"end":{"line":54,"column":24}},"14":{"start":{"line":56,"column":2},"end":{"line":56,"column":22}},"15":{"start":{"line":60,"column":2},"end":{"line":64,"column":5}},"16":{"start":{"line":68,"column":2},"end":{"line":68,"column":30}}},"fnMap":{"0":{"name":"(anonymous_0)","decl":{"start":{"line":7,"column":29},"end":{"line":7,"column":30}},"loc":{"start":{"line":7,"column":70},"end":{"line":7,"column":85}},"line":7},"1":{"name":"(anonymous_1)","decl":{"start":{"line":9,"column":32},"end":{"line":9,"column":33}},"loc":{"start":{"line":17,"column":6},"end":{"line":17,"column":78}},"line":17},"2":{"name":"(anonymous_2)","decl":{"start":{"line":19,"column":38},"end":{"line":19,"column":39}},"loc":{"start":{"line":27,"column":7},"end":{"line":27,"column":51}},"line":27},"3":{"name":"(anonymous_3)","decl":{"start":{"line":29,"column":23},"end":{"line":29,"column":24}},"loc":{"start":{"line":29,"column":39},"end":{"line":31,"column":1}},"line":29},"4":{"name":"isIphoneX","decl":{"start":{"line":33,"column":16},"end":{"line":33,"column":25}},"loc":{"start":{"line":33,"column":28},"end":{"line":50,"column":1}},"line":33},"5":{"name":"ifIphoneX","decl":{"start":{"line":52,"column":16},"end":{"line":52,"column":25}},"loc":{"start":{"line":52,"column":81},"end":{"line":57,"column":1}},"line":52},"6":{"name":"getStatusBarHeight","decl":{"start":{"line":59,"column":16},"end":{"line":59,"column":34}},"loc":{"start":{"line":59,"column":50},"end":{"line":65,"column":1}},"line":59},"7":{"name":"getBottomSpace","decl":{"start":{"line":67,"column":16},"end":{"line":67,"column":30}},"loc":{"start":{"line":67,"column":33},"end":{"line":69,"column":1}},"line":67}},"branchMap":{"0":{"loc":{"start":{"line":7,"column":30},"end":{"line":7,"column":50}},"type":"default-arg","locations":[{"start":{"line":7,"column":38},"end":{"line":7,"column":50}}],"line":7},"1":{"loc":{"start":{"line":7,"column":52},"end":{"line":7,"column":58}},"type":"default-arg","locations":[{"start":{"line":7,"column":56},"end":{"line":7,"column":58}}],"line":7},"2":{"loc":{"start":{"line":7,"column":60},"end":{"line":7,"column":65}},"type":"default-arg","locations":[{"start":{"line":7,"column":64},"end":{"line":7,"column":65}}],"line":7},"3":{"loc":{"start":{"line":10,"column":2},"end":{"line":10,"column":31}},"type":"default-arg","locations":[{"start":{"line":10,"column":19},"end":{"line":10,"column":31}}],"line":10},"4":{"loc":{"start":{"line":11,"column":2},"end":{"line":11,"column":14}},"type":"default-arg","locations":[{"start":{"line":11,"column":12},"end":{"line":11,"column":14}}],"line":11},"5":{"loc":{"start":{"line":22,"column":2},"end":{"line":22,"column":25}},"type":"default-arg","locations":[{"start":{"line":22,"column":12},"end":{"line":22,"column":25}}],"line":22},"6":{"loc":{"start":{"line":27,"column":7},"end":{"line":27,"column":51}},"type":"cond-expr","locations":[{"start":{"line":27,"column":40},"end":{"line":27,"column":41}},{"start":{"line":27,"column":44},"end":{"line":27,"column":51}}],"line":27},"7":{"loc":{"start":{"line":29,"column":24},"end":{"line":29,"column":34}},"type":"default-arg","locations":[{"start":{"line":29,"column":29},"end":{"line":29,"column":34}}],"line":29},"8":{"loc":{"start":{"line":36,"column":4},"end":{"line":48,"column":26}},"type":"binary-expr","locations":[{"start":{"line":36,"column":4},"end":{"line":36,"column":25}},{"start":{"line":37,"column":4},"end":{"line":37,"column":19}},{"start":{"line":38,"column":4},"end":{"line":38,"column":20}},{"start":{"line":39,"column":5},"end":{"line":39,"column":25}},{"start":{"line":40,"column":6},"end":{"line":40,"column":25}},{"start":{"line":41,"column":6},"end":{"line":41,"column":26}},{"start":{"line":42,"column":6},"end":{"line":42,"column":25}},{"start":{"line":43,"column":6},"end":{"line":43,"column":26}},{"start":{"line":44,"column":6},"end":{"line":44,"column":25}},{"start":{"line":45,"column":6},"end":{"line":45,"column":26}},{"start":{"line":46,"column":6},"end":{"line":46,"column":25}},{"start":{"line":47,"column":6},"end":{"line":47,"column":26}},{"start":{"line":48,"column":6},"end":{"line":48,"column":25}}],"line":36},"9":{"loc":{"start":{"line":53,"column":2},"end":{"line":55,"column":3}},"type":"if","locations":[{"start":{"line":53,"column":2},"end":{"line":55,"column":3}},{"start":{"line":53,"column":2},"end":{"line":55,"column":3}}],"line":53},"10":{"loc":{"start":{"line":61,"column":19},"end":{"line":61,"column":33}},"type":"cond-expr","locations":[{"start":{"line":61,"column":26},"end":{"line":61,"column":28}},{"start":{"line":61,"column":31},"end":{"line":61,"column":33}}],"line":61},"11":{"loc":{"start":{"line":68,"column":9},"end":{"line":68,"column":29}},"type":"cond-expr","locations":[{"start":{"line":68,"column":23},"end":{"line":68,"column":25}},{"start":{"line":68,"column":28},"end":{"line":68,"column":29}}],"line":68}},"s":{"0":5,"1":5,"2":5,"3":0,"4":5,"5":1,"6":5,"7":1,"8":5,"9":0,"10":0,"11":0,"12":0,"13":0,"14":0,"15":0,"16":0},"f":{"0":0,"1":1,"2":1,"3":0,"4":0,"5":0,"6":0,"7":0},"b":{"0":[0],"1":[0],"2":[0],"3":[0],"4":[0],"5":[0],"6":[0,1],"7":[0],"8":[0,0,0,0,0,0,0,0,0,0,0,0,0],"9":[0,0],"10":[0,0],"11":[0,0]},"_coverageSchema":"1a1c01bbd47fc00a2c39e90264f33305004495a9","hash":"ef19308d6fdf38a0df54c6801d4976eb43767d01"}
,"/Users/sila/Documents/Project/next-dev-team/Kitten/src/utils/mockData.ts": {"path":"/Users/sila/Documents/Project/next-dev-team/Kitten/src/utils/mockData.ts","statementMap":{"0":{"start":{"line":3,"column":25},"end":{"line":8,"column":1}},"1":{"start":{"line":4,"column":2},"end":{"line":6,"column":3}},"2":{"start":{"line":5,"column":4},"end":{"line":5,"column":35}},"3":{"start":{"line":7,"column":2},"end":{"line":7,"column":15}},"4":{"start":{"line":20,"column":2},"end":{"line":22,"column":3}},"5":{"start":{"line":21,"column":4},"end":{"line":21,"column":42}},"6":{"start":{"line":23,"column":2},"end":{"line":25,"column":3}},"7":{"start":{"line":24,"column":4},"end":{"line":24,"column":34}},"8":{"start":{"line":26,"column":2},"end":{"line":26,"column":23}}},"fnMap":{"0":{"name":"(anonymous_0)","decl":{"start":{"line":3,"column":25},"end":{"line":3,"column":26}},"loc":{"start":{"line":3,"column":48},"end":{"line":8,"column":1}},"line":3},"1":{"name":"genMockArr","decl":{"start":{"line":10,"column":16},"end":{"line":10,"column":26}},"loc":{"start":{"line":18,"column":8},"end":{"line":27,"column":1}},"line":18}},"branchMap":{"0":{"loc":{"start":{"line":4,"column":2},"end":{"line":6,"column":3}},"type":"if","locations":[{"start":{"line":4,"column":2},"end":{"line":6,"column":3}},{"start":{"line":4,"column":2},"end":{"line":6,"column":3}}],"line":4},"1":{"loc":{"start":{"line":13,"column":2},"end":{"line":13,"column":12}},"type":"default-arg","locations":[{"start":{"line":13,"column":11},"end":{"line":13,"column":12}}],"line":13},"2":{"loc":{"start":{"line":20,"column":2},"end":{"line":22,"column":3}},"type":"if","locations":[{"start":{"line":20,"column":2},"end":{"line":22,"column":3}},{"start":{"line":20,"column":2},"end":{"line":22,"column":3}}],"line":20},"3":{"loc":{"start":{"line":23,"column":2},"end":{"line":25,"column":3}},"type":"if","locations":[{"start":{"line":23,"column":2},"end":{"line":25,"column":3}},{"start":{"line":23,"column":2},"end":{"line":25,"column":3}}],"line":23}},"s":{"0":4,"1":2,"2":0,"3":2,"4":3,"5":3,"6":3,"7":0,"8":3},"f":{"0":2,"1":3},"b":{"0":[0,2],"1":[0],"2":[3,0],"3":[0,3]},"_coverageSchema":"1a1c01bbd47fc00a2c39e90264f33305004495a9","hash":"679664891757cfff27eafbb7b624a34a1cf33548"}
,"/Users/sila/Documents/Project/next-dev-team/Kitten/src/utils/request.ts": {"path":"/Users/sila/Documents/Project/next-dev-team/Kitten/src/utils/request.ts","statementMap":{"0":{"start":{"line":6,"column":17},"end":{"line":12,"column":2}},"1":{"start":{"line":14,"column":0},"end":{"line":28,"column":2}},"2":{"start":{"line":17,"column":4},"end":{"line":20,"column":6}},"3":{"start":{"line":22,"column":4},"end":{"line":22,"column":18}},"4":{"start":{"line":26,"column":4},"end":{"line":26,"column":33}},"5":{"start":{"line":31,"column":0},"end":{"line":47,"column":2}},"6":{"start":{"line":36,"column":4},"end":{"line":38,"column":5}},"7":{"start":{"line":37,"column":6},"end":{"line":37,"column":43}},"8":{"start":{"line":39,"column":4},"end":{"line":39,"column":20}},"9":{"start":{"line":45,"column":4},"end":{"line":45,"column":33}}},"fnMap":{"0":{"name":"(anonymous_0)","decl":{"start":{"line":15,"column":2},"end":{"line":15,"column":3}},"loc":{"start":{"line":15,"column":20},"end":{"line":23,"column":3}},"line":15},"1":{"name":"(anonymous_1)","decl":{"start":{"line":24,"column":2},"end":{"line":24,"column":3}},"loc":{"start":{"line":24,"column":19},"end":{"line":27,"column":3}},"line":24},"2":{"name":"(anonymous_2)","decl":{"start":{"line":32,"column":2},"end":{"line":32,"column":3}},"loc":{"start":{"line":32,"column":22},"end":{"line":40,"column":3}},"line":32},"3":{"name":"(anonymous_3)","decl":{"start":{"line":41,"column":2},"end":{"line":41,"column":3}},"loc":{"start":{"line":41,"column":19},"end":{"line":46,"column":3}},"line":41}},"branchMap":{"0":{"loc":{"start":{"line":36,"column":4},"end":{"line":38,"column":5}},"type":"if","locations":[{"start":{"line":36,"column":4},"end":{"line":38,"column":5}},{"start":{"line":36,"column":4},"end":{"line":38,"column":5}}],"line":36},"1":{"loc":{"start":{"line":36,"column":8},"end":{"line":36,"column":57}},"type":"binary-expr","locations":[{"start":{"line":36,"column":8},"end":{"line":36,"column":27}},{"start":{"line":36,"column":31},"end":{"line":36,"column":57}}],"line":36}},"s":{"0":3,"1":3,"2":0,"3":0,"4":0,"5":3,"6":0,"7":0,"8":0,"9":0},"f":{"0":0,"1":0,"2":0,"3":0},"b":{"0":[0,0],"1":[0,0]},"_coverageSchema":"1a1c01bbd47fc00a2c39e90264f33305004495a9","hash":"0b44e298fc212a2b56380c006cc1d2dad28687ff"}
,"/Users/sila/Documents/Project/next-dev-team/Kitten/src/utils/string.ts": {"path":"/Users/sila/Documents/Project/next-dev-team/Kitten/src/utils/string.ts","statementMap":{"0":{"start":{"line":1,"column":30},"end":{"line":1,"column":91}},"1":{"start":{"line":1,"column":59},"end":{"line":1,"column":91}}},"fnMap":{"0":{"name":"(anonymous_0)","decl":{"start":{"line":1,"column":30},"end":{"line":1,"column":31}},"loc":{"start":{"line":1,"column":59},"end":{"line":1,"column":91}},"line":1}},"branchMap":{},"s":{"0":1,"1":1},"f":{"0":1},"b":{},"_coverageSchema":"1a1c01bbd47fc00a2c39e90264f33305004495a9","hash":"7eecdd94a7fc038577290f42521e2adfa5d91699"}
}
