TN:
SF:assetsTransformer.js
FN:4,(anonymous_0)
FNF:1
FNH:0
FNDA:0,(anonymous_0)
DA:1,3
DA:3,3
DA:5,0
LF:3
LH:2
BRF:0
BRH:0
end_of_record
TN:
SF:src/components/index.ts
FNF:0
FNH:0
LF:0
LH:0
BRF:0
BRH:0
end_of_record
TN:
SF:src/components/Box/index.tsx
FNF:0
FNH:0
DA:4,5
LF:1
LH:1
BRF:0
BRH:0
end_of_record
TN:
SF:src/components/Button/index.tsx
FN:12,(anonymous_0)
FNF:1
FNH:1
FNDA:1,(anonymous_0)
DA:12,5
DA:13,1
LF:2
LH:2
BRDA:16,0,0,0
BRDA:16,0,1,1
BRF:2
BRH:1
end_of_record
TN:
SF:src/components/Card/index.tsx
FNF:0
FNH:0
DA:5,5
LF:1
LH:1
BRF:0
BRH:0
end_of_record
TN:
SF:src/components/FeedBack/Spining.tsx
FN:7,(anonymous_0)
FNF:1
FNH:0
FNDA:0,(anonymous_0)
DA:7,5
DA:8,0
DA:9,0
LF:3
LH:1
BRF:0
BRH:0
end_of_record
TN:
SF:src/components/List/GridView.tsx
FN:18,GridView
FN:31,(anonymous_1)
FN:57,(anonymous_2)
FNF:3
FNH:2
FNDA:1,GridView
FNDA:1,(anonymous_1)
FNDA:0,(anonymous_2)
DA:27,1
DA:29,1
DA:31,1
DA:32,1
DA:44,1
DA:57,0
LF:6
LH:5
BRDA:21,0,0,1
BRDA:22,1,0,1
BRDA:25,2,0,1
BRF:3
BRH:3
end_of_record
TN:
SF:src/components/Text/index.tsx
FNF:0
FNH:0
DA:4,5
LF:1
LH:1
BRF:0
BRH:0
end_of_record
TN:
SF:src/constants/http.ts
FNF:0
FNH:0
DA:1,3
LF:1
LH:1
BRF:0
BRH:0
end_of_record
TN:
SF:src/hooks/useTheme.tsx
FN:4,(anonymous_0)
FNF:1
FNH:0
FNDA:0,(anonymous_0)
DA:4,5
DA:5,0
DA:6,0
LF:3
LH:1
BRF:0
BRH:0
end_of_record
TN:
SF:src/store/rootMiddleware.ts
FNF:0
FNH:0
LF:0
LH:0
BRF:0
BRH:0
end_of_record
TN:
SF:src/store/rootReducer.ts
FNF:0
FNH:0
DA:10,3
DA:18,3
DA:25,3
DA:34,3
LF:4
LH:4
BRF:0
BRH:0
end_of_record
TN:
SF:src/store/store.ts
FN:8,(anonymous_0)
FNF:1
FNH:1
FNDA:3,(anonymous_0)
DA:6,3
DA:9,3
DA:14,3
LF:3
LH:3
BRF:0
BRH:0
end_of_record
TN:
SF:src/store/kittenSlice/index.ts
FN:34,(anonymous_0)
FN:51,(anonymous_1)
FN:55,(anonymous_2)
FN:57,(anonymous_3)
FN:60,(anonymous_4)
FN:61,(anonymous_5)
FN:78,(anonymous_6)
FN:87,(anonymous_7)
FN:88,(anonymous_8)
FN:89,(anonymous_9)
FN:90,(anonymous_10)
FNF:11
FNH:1
FNDA:0,(anonymous_0)
FNDA:0,(anonymous_1)
FNDA:3,(anonymous_2)
FNDA:0,(anonymous_3)
FNDA:0,(anonymous_4)
FNDA:0,(anonymous_5)
FNDA:0,(anonymous_6)
FNDA:0,(anonymous_7)
FNDA:0,(anonymous_8)
FNDA:0,(anonymous_9)
FNDA:0,(anonymous_10)
DA:23,3
DA:25,3
DA:32,3
DA:35,0
DA:36,0
DA:38,0
DA:47,3
DA:52,0
DA:56,3
DA:58,0
DA:61,0
DA:62,0
DA:63,0
DA:64,0
DA:65,0
DA:72,0
DA:75,0
DA:76,0
DA:79,0
DA:85,3
DA:87,3
DA:88,3
DA:89,3
DA:90,3
LF:24
LH:10
BRDA:63,0,0,0
BRDA:63,0,1,0
BRF:2
BRH:0
end_of_record
TN:
SF:src/test/test-utils.tsx
FN:11,render
FN:13,(anonymous_1)
FN:30,(anonymous_2)
FN:34,(anonymous_3)
FNF:4
FNH:2
FNDA:6,render
FNDA:6,(anonymous_1)
FNDA:0,(anonymous_2)
FNDA:0,(anonymous_3)
DA:13,6
DA:14,6
DA:21,6
DA:28,3
DA:30,3
DA:31,0
DA:36,0
LF:7
LH:5
BRDA:11,0,0,6
BRDA:16,1,0,0
BRDA:16,1,1,6
BRDA:30,2,0,0
BRDA:30,3,0,0
BRDA:30,4,0,0
BRF:6
BRH:2
end_of_record
TN:
SF:src/test/mocks/handlers.ts
FN:4,(anonymous_0)
FNF:1
FNH:0
FNDA:0,(anonymous_0)
DA:3,7
DA:5,0
LF:2
LH:1
BRF:0
BRH:0
end_of_record
TN:
SF:src/test/mocks/server.ts
FNF:0
FNH:0
DA:4,7
LF:1
LH:1
BRF:0
BRH:0
end_of_record
TN:
SF:src/themes/index.tsx
FNF:0
FNH:0
DA:7,5
DA:8,5
DA:9,5
DA:10,5
DA:11,5
DA:12,5
DA:14,5
DA:28,5
DA:48,5
DA:103,5
LF:10
LH:10
BRF:0
BRH:0
end_of_record
TN:
SF:src/utils/dimension.ts
FN:7,(anonymous_0)
FN:9,(anonymous_1)
FN:19,(anonymous_2)
FN:29,(anonymous_3)
FN:33,isIphoneX
FN:52,ifIphoneX
FN:59,getStatusBarHeight
FN:67,getBottomSpace
FNF:8
FNH:2
FNDA:0,(anonymous_0)
FNDA:1,(anonymous_1)
FNDA:1,(anonymous_2)
FNDA:0,(anonymous_3)
FNDA:0,isIphoneX
FNDA:0,ifIphoneX
FNDA:0,getStatusBarHeight
FNDA:0,getBottomSpace
DA:4,5
DA:5,5
DA:7,5
DA:9,5
DA:17,1
DA:19,5
DA:27,1
DA:29,5
DA:30,0
DA:34,0
DA:35,0
DA:53,0
DA:54,0
DA:56,0
DA:60,0
DA:68,0
LF:16
LH:8
BRDA:7,0,0,0
BRDA:7,1,0,0
BRDA:7,2,0,0
BRDA:10,3,0,0
BRDA:11,4,0,0
BRDA:22,5,0,0
BRDA:27,6,0,0
BRDA:27,6,1,1
BRDA:29,7,0,0
BRDA:36,8,0,0
BRDA:36,8,1,0
BRDA:36,8,2,0
BRDA:36,8,3,0
BRDA:36,8,4,0
BRDA:36,8,5,0
BRDA:36,8,6,0
BRDA:36,8,7,0
BRDA:36,8,8,0
BRDA:36,8,9,0
BRDA:36,8,10,0
BRDA:36,8,11,0
BRDA:36,8,12,0
BRDA:53,9,0,0
BRDA:53,9,1,0
BRDA:61,10,0,0
BRDA:61,10,1,0
BRDA:68,11,0,0
BRDA:68,11,1,0
BRF:28
BRH:1
end_of_record
TN:
SF:src/utils/mockData.ts
FN:3,(anonymous_0)
FN:10,genMockArr
FNF:2
FNH:2
FNDA:2,(anonymous_0)
FNDA:3,genMockArr
DA:3,4
DA:4,2
DA:5,0
DA:7,2
DA:20,3
DA:21,3
DA:23,3
DA:24,0
DA:26,3
LF:9
LH:7
BRDA:4,0,0,0
BRDA:4,0,1,2
BRDA:13,1,0,0
BRDA:20,2,0,3
BRDA:20,2,1,0
BRDA:23,3,0,0
BRDA:23,3,1,3
BRF:7
BRH:3
end_of_record
TN:
SF:src/utils/request.ts
FN:15,(anonymous_0)
FN:24,(anonymous_1)
FN:32,(anonymous_2)
FN:41,(anonymous_3)
FNF:4
FNH:0
FNDA:0,(anonymous_0)
FNDA:0,(anonymous_1)
FNDA:0,(anonymous_2)
FNDA:0,(anonymous_3)
DA:6,3
DA:14,3
DA:17,0
DA:22,0
DA:26,0
DA:31,3
DA:36,0
DA:37,0
DA:39,0
DA:45,0
LF:10
LH:3
BRDA:36,0,0,0
BRDA:36,0,1,0
BRDA:36,1,0,0
BRDA:36,1,1,0
BRF:4
BRH:0
end_of_record
TN:
SF:src/utils/string.ts
FN:1,(anonymous_0)
FNF:1
FNH:1
FNDA:1,(anonymous_0)
DA:1,1
LF:1
LH:1
BRF:0
BRH:0
end_of_record
